#
# There is insufficient memory for the Java Runtime Environment to continue.
# Native memory allocation (malloc) failed to allocate 32744 bytes for ChunkPool::allocate
# Possible reasons:
#   The system is out of physical RAM or swap space
#   The process is running with CompressedOops enabled, and the Java Heap may be blocking the growth of the native heap
# Possible solutions:
#   Reduce memory load on the system
#   Increase physical memory or swap space
#   Check if swap backing store is full
#   Decrease Java heap size (-Xmx/-Xms)
#   Decrease number of Java threads
#   Decrease Java thread stack sizes (-Xss)
#   Set larger code cache with -XX:ReservedCodeCacheSize=
#   JVM is running with Zero Based Compressed Oops mode in which the Java heap is
#     placed in the first 32GB address space. The Java Heap base address is the
#     maximum limit for the native heap growth. Please use -XX:HeapBaseMinAddress
#     to set the Java Heap base and to place the Java Heap above 32GB virtual address.
# This output file may be truncated or incomplete.
#
#  Out of Memory Error (allocation.cpp:272), pid=22644, tid=0x000000000000674c
#
# JRE version: OpenJDK Runtime Environment (8.0_342-b07) (build 1.8.0_342-b07)
# Java VM: OpenJDK 64-Bit Server VM (25.342-b07 mixed mode windows-amd64 compressed oops)
# Failed to write core dump. Minidumps are not enabled by default on client versions of Windows
#

---------------  T H R E A D  ---------------

Current thread (0x0000021620813000):  JavaThread "main" [_thread_in_vm, id=26444, stack(0x000000ba12200000,0x000000ba12300000)]

Stack: [0x000000ba12200000,0x000000ba12300000]
[error occurred during error reporting (printing stack bounds), id 0xc0000005]

Native frames: (J=compiled Java code, j=interpreted, Vv=VM code, C=native code)

Java frames: (J=compiled Java code, j=interpreted, Vv=VM code)
j  java.lang.ClassLoader.defineClass1(Ljava/lang/String;[BIILjava/security/ProtectionDomain;Ljava/lang/String;)Ljava/lang/Class;+0
j  java.lang.ClassLoader.defineClass(Ljava/lang/String;[BIILjava/security/ProtectionDomain;)Ljava/lang/Class;+27
j  java.security.SecureClassLoader.defineClass(Ljava/lang/String;[BIILjava/security/CodeSource;)Ljava/lang/Class;+12
j  java.net.URLClassLoader.defineClass(Ljava/lang/String;Lsun/misc/Resource;)Ljava/lang/Class;+138
j  java.net.URLClassLoader.access$100(Ljava/net/URLClassLoader;Ljava/lang/String;Lsun/misc/Resource;)Ljava/lang/Class;+3
j  java.net.URLClassLoader$1.run()Ljava/lang/Class;+43
j  java.net.URLClassLoader$1.run()Ljava/lang/Object;+1
v  ~StubRoutines::call_stub
j  java.security.AccessController.doPrivileged(Ljava/security/PrivilegedExceptionAction;Ljava/security/AccessControlContext;)Ljava/lang/Object;+0
j  java.net.URLClassLoader.findClass(Ljava/lang/String;)Ljava/lang/Class;+13
J 347 C1 java.lang.ClassLoader.loadClass(Ljava/lang/String;Z)Ljava/lang/Class; (122 bytes) @ 0x0000021622909244 [0x00000216229088c0+0x984]
j  sun.misc.Launcher$AppClassLoader.loadClass(Ljava/lang/String;Z)Ljava/lang/Class;+81
j  java.lang.ClassLoader.loadClass(Ljava/lang/String;)Ljava/lang/Class;+3
v  ~StubRoutines::call_stub
j  java.lang.ClassLoader.defineClass1(Ljava/lang/String;[BIILjava/security/ProtectionDomain;Ljava/lang/String;)Ljava/lang/Class;+0
j  java.lang.ClassLoader.defineClass(Ljava/lang/String;[BIILjava/security/ProtectionDomain;)Ljava/lang/Class;+27
j  java.security.SecureClassLoader.defineClass(Ljava/lang/String;[BIILjava/security/CodeSource;)Ljava/lang/Class;+12
j  java.net.URLClassLoader.defineClass(Ljava/lang/String;Lsun/misc/Resource;)Ljava/lang/Class;+138
j  java.net.URLClassLoader.access$100(Ljava/net/URLClassLoader;Ljava/lang/String;Lsun/misc/Resource;)Ljava/lang/Class;+3
j  java.net.URLClassLoader$1.run()Ljava/lang/Class;+43
j  java.net.URLClassLoader$1.run()Ljava/lang/Object;+1
v  ~StubRoutines::call_stub
j  java.security.AccessController.doPrivileged(Ljava/security/PrivilegedExceptionAction;Ljava/security/AccessControlContext;)Ljava/lang/Object;+0
j  java.net.URLClassLoader.findClass(Ljava/lang/String;)Ljava/lang/Class;+13
J 347 C1 java.lang.ClassLoader.loadClass(Ljava/lang/String;Z)Ljava/lang/Class; (122 bytes) @ 0x0000021622909244 [0x00000216229088c0+0x984]
j  sun.misc.Launcher$AppClassLoader.loadClass(Ljava/lang/String;Z)Ljava/lang/Class;+81
j  java.lang.ClassLoader.loadClass(Ljava/lang/String;)Ljava/lang/Class;+3
v  ~StubRoutines::call_stub
j  java.lang.ClassLoader.defineClass1(Ljava/lang/String;[BIILjava/security/ProtectionDomain;Ljava/lang/String;)Ljava/lang/Class;+0
j  java.lang.ClassLoader.defineClass(Ljava/lang/String;[BIILjava/security/ProtectionDomain;)Ljava/lang/Class;+27
j  java.security.SecureClassLoader.defineClass(Ljava/lang/String;[BIILjava/security/CodeSource;)Ljava/lang/Class;+12
j  java.net.URLClassLoader.defineClass(Ljava/lang/String;Lsun/misc/Resource;)Ljava/lang/Class;+138
j  java.net.URLClassLoader.access$100(Ljava/net/URLClassLoader;Ljava/lang/String;Lsun/misc/Resource;)Ljava/lang/Class;+3
j  java.net.URLClassLoader$1.run()Ljava/lang/Class;+43
j  java.net.URLClassLoader$1.run()Ljava/lang/Object;+1
v  ~StubRoutines::call_stub
j  java.security.AccessController.doPrivileged(Ljava/security/PrivilegedExceptionAction;Ljava/security/AccessControlContext;)Ljava/lang/Object;+0
j  java.net.URLClassLoader.findClass(Ljava/lang/String;)Ljava/lang/Class;+13
J 347 C1 java.lang.ClassLoader.loadClass(Ljava/lang/String;Z)Ljava/lang/Class; (122 bytes) @ 0x0000021622909244 [0x00000216229088c0+0x984]
j  sun.misc.Launcher$AppClassLoader.loadClass(Ljava/lang/String;Z)Ljava/lang/Class;+81
j  java.lang.ClassLoader.loadClass(Ljava/lang/String;)Ljava/lang/Class;+3
v  ~StubRoutines::call_stub
j  org.scalatest.tools.Runner.run([Ljava/lang/String;)Z+0
j  org.jetbrains.plugins.scala.testingSupport.scalaTest.ScalaTestRunner.runScalaTest2or3(Lorg/jetbrains/plugins/scala/testingSupport/scalaTest/ScalaTestRunnerArgs;)V+6
j  org.jetbrains.plugins.scala.testingSupport.scalaTest.ScalaTestRunner.main([Ljava/lang/String;)V+22
v  ~StubRoutines::call_stub

---------------  P R O C E S S  ---------------

Java Threads: ( => current thread )
  0x000002163e764800 JavaThread "Service Thread" daemon [_thread_blocked, id=13916, stack(0x000000ba14200000,0x000000ba14300000)]
  0x000002163e726000 JavaThread "C1 CompilerThread11" daemon [_thread_blocked, id=3128, stack(0x000000ba14100000,0x000000ba14200000)]
  0x000002163e721800 JavaThread "C1 CompilerThread10" daemon [_thread_blocked, id=14572, stack(0x000000ba14000000,0x000000ba14100000)]
  0x000002163e70e000 JavaThread "C1 CompilerThread9" daemon [_thread_blocked, id=22556, stack(0x000000ba13f00000,0x000000ba14000000)]
  0x000002163e6f5800 JavaThread "C1 CompilerThread8" daemon [_thread_blocked, id=26168, stack(0x000000ba13e00000,0x000000ba13f00000)]
  0x000002163e6e1800 JavaThread "C2 CompilerThread7" daemon [_thread_blocked, id=25636, stack(0x000000ba13d00000,0x000000ba13e00000)]
  0x000002163e6e1000 JavaThread "C2 CompilerThread6" daemon [_thread_blocked, id=11332, stack(0x000000ba13c00000,0x000000ba13d00000)]
  0x000002163e6d8000 JavaThread "C2 CompilerThread5" daemon [_thread_blocked, id=16832, stack(0x000000ba13b00000,0x000000ba13c00000)]
  0x000002163e6d2000 JavaThread "C2 CompilerThread4" daemon [_thread_blocked, id=26336, stack(0x000000ba13a00000,0x000000ba13b00000)]
  0x000002163e6d1000 JavaThread "C2 CompilerThread3" daemon [_thread_blocked, id=15400, stack(0x000000ba13900000,0x000000ba13a00000)]
  0x000002163e6cc800 JavaThread "C2 CompilerThread2" daemon [_thread_blocked, id=14016, stack(0x000000ba13800000,0x000000ba13900000)]
  0x000002163e6cb800 JavaThread "C2 CompilerThread1" daemon [_thread_blocked, id=23104, stack(0x000000ba13700000,0x000000ba13800000)]
  0x000002163e6cb000 JavaThread "C2 CompilerThread0" daemon [_thread_blocked, id=26740, stack(0x000000ba13600000,0x000000ba13700000)]
  0x000002163e69e800 JavaThread "Monitor Ctrl-Break" daemon [_thread_in_native, id=22856, stack(0x000000ba13500000,0x000000ba13600000)]
  0x000002163e51a000 JavaThread "Attach Listener" daemon [_thread_blocked, id=24940, stack(0x000000ba13400000,0x000000ba13500000)]
  0x000002163e519800 JavaThread "Signal Dispatcher" daemon [_thread_blocked, id=3764, stack(0x000000ba13300000,0x000000ba13400000)]
  0x000002163e4a1000 JavaThread "Finalizer" daemon [_thread_blocked, id=7372, stack(0x000000ba13200000,0x000000ba13300000)]
  0x000002163b778800 JavaThread "Reference Handler" daemon [_thread_blocked, id=18712, stack(0x000000ba13100000,0x000000ba13200000)]
=>0x0000021620813000 JavaThread "main" [_thread_in_vm, id=26444, stack(0x000000ba12200000,0x000000ba12300000)]

Other Threads:
  0x000002163b76f800 VMThread [stack: 0x000000ba13000000,0x000000ba13100000] [id=10060]
  0x000002163e769800 WatcherThread [stack: 0x000000ba14300000,0x000000ba14400000] [id=4788]

VM state:not at safepoint (normal execution)

VM Mutex/Monitor currently owned by a thread: None

heap address: 0x00000006c2000000, size: 4064 MB, Compressed Oops mode: Zero based, Oop shift amount: 3
Narrow klass base: 0x0000000000000000, Narrow klass shift: 3
Compressed class space size: 1073741824 Address: 0x00000007c0000000

Heap:
 PSYoungGen      total 75776K, used 17028K [0x000000076b580000, 0x0000000770a00000, 0x00000007c0000000)
  eden space 65024K, 26% used [0x000000076b580000,0x000000076c621178,0x000000076f500000)
  from space 10752K, 0% used [0x000000076ff80000,0x000000076ff80000,0x0000000770a00000)
  to   space 10752K, 0% used [0x000000076f500000,0x000000076f500000,0x000000076ff80000)
 ParOldGen       total 173568K, used 0K [0x00000006c2000000, 0x00000006cc980000, 0x000000076b580000)
  object space 173568K, 0% used [0x00000006c2000000,0x00000006c2000000,0x00000006cc980000)
 Metaspace       used 6219K, capacity 6472K, committed 6656K, reserved 1056768K
  class space    used 629K, capacity 710K, committed 768K, reserved 1048576K

Card table byte_map: [0x0000021631950000,0x0000021632150000] byte_map_base: 0x000002162e340000

Marking Bits: (ParMarkBitMap*) 0x0000000056106850
 Begin Bits: [0x00000216326a0000, 0x0000021636620000)
 End Bits:   [0x0000021636620000, 0x000002163a5a0000)

Polling page: 0x00000216207b0000

CodeCache: size=245760Kb used=3849Kb max_used=3859Kb free=241910Kb
 bounds [0x0000021622590000, 0x0000021622960000, 0x0000021631590000]
 total_blobs=751 nmethods=449 adapters=212
 compilation: enabled

Compilation events (10 events):
Event: 0.378 Thread 0x000002163e70e000  444   !   3       java.util.zip.InflaterInputStream::read (138 bytes)
Event: 0.378 Thread 0x000002163e726000  445       3       java.util.zip.InflaterInputStream::ensureOpen (18 bytes)
Event: 0.378 Thread 0x000002163e726000 nmethod 445 0x000002162294f590 code [0x000002162294f700, 0x000002162294f950]
Event: 0.379 Thread 0x000002163e70e000 nmethod 444 0x0000021622951b10 code [0x0000021622951d80, 0x0000021622952e50]
Event: 0.379 Thread 0x000002163e721800  446       3       java.lang.String::regionMatches (149 bytes)
Event: 0.379 Thread 0x000002163e6d8000  447       4       java.lang.String::<init> (82 bytes)
Event: 0.380 Thread 0x000002163e721800 nmethod 446 0x0000021622950250 code [0x00000216229504a0, 0x0000021622951180]
Event: 0.380 Thread 0x000002163e726000  448       3       java.util.zip.ZipFile::access$400 (5 bytes)
Event: 0.380 Thread 0x000002163e726000 nmethod 448 0x000002162294fe90 code [0x000002162294ffe0, 0x0000021622950118]
Event: 0.382 Thread 0x000002163e6d8000 nmethod 447 0x000002162294ef10 code [0x000002162294f060, 0x000002162294f358]

GC Heap History (0 events):
No events

Deoptimization events (0 events):
No events

Classes redefined (0 events):
No events

Internal exceptions (8 events):
Event: 0.026 Thread 0x0000021620813000 Exception <a 'java/lang/NoSuchMethodError': Method sun.misc.Unsafe.defineClass(Ljava/lang/String;[BII)Ljava/lang/Class; name or signature does not match> (0x000000076b588288) thrown at [C:\wsjdk\Corretto8Src\installers\windows\zip\corretto-build\buildRoot
Event: 0.026 Thread 0x0000021620813000 Exception <a 'java/lang/NoSuchMethodError': Method sun.misc.Unsafe.prefetchRead(Ljava/lang/Object;J)V name or signature does not match> (0x000000076b588570) thrown at [C:\wsjdk\Corretto8Src\installers\windows\zip\corretto-build\buildRoot\hotspot\src\share
Event: 0.199 Thread 0x0000021620813000 Exception <a 'java/security/PrivilegedActionException'> (0x000000076bb55500) thrown at [C:\wsjdk\Corretto8Src\installers\windows\zip\corretto-build\buildRoot\hotspot\src\share\vm\prims\jvm.cpp, line 1524]
Event: 0.199 Thread 0x0000021620813000 Exception <a 'java/security/PrivilegedActionException'> (0x000000076bb558f8) thrown at [C:\wsjdk\Corretto8Src\installers\windows\zip\corretto-build\buildRoot\hotspot\src\share\vm\prims\jvm.cpp, line 1524]
Event: 0.201 Thread 0x0000021620813000 Exception <a 'java/security/PrivilegedActionException'> (0x000000076bb5a908) thrown at [C:\wsjdk\Corretto8Src\installers\windows\zip\corretto-build\buildRoot\hotspot\src\share\vm\prims\jvm.cpp, line 1524]
Event: 0.201 Thread 0x0000021620813000 Exception <a 'java/security/PrivilegedActionException'> (0x000000076bb5ad00) thrown at [C:\wsjdk\Corretto8Src\installers\windows\zip\corretto-build\buildRoot\hotspot\src\share\vm\prims\jvm.cpp, line 1524]
Event: 0.266 Thread 0x0000021620813000 Exception <a 'java/lang/NoSuchFieldError': method resolution failed> (0x000000076bfa6898) thrown at [C:\wsjdk\Corretto8Src\installers\windows\zip\corretto-build\buildRoot\hotspot\src\share\vm\prims\methodHandles.cpp, line 1194]
Event: 0.269 Thread 0x0000021620813000 Exception <a 'java/lang/NoSuchFieldError': method resolution failed> (0x000000076c0f9668) thrown at [C:\wsjdk\Corretto8Src\installers\windows\zip\corretto-build\buildRoot\hotspot\src\share\vm\prims\methodHandles.cpp, line 1194]

Events (10 events):
Event: 0.378 loading class scala/collection/immutable/LinearSeq
Event: 0.378 loading class scala/collection/immutable/LinearSeq done
Event: 0.378 loading class scala/collection/immutable/Seq
Event: 0.378 loading class scala/collection/immutable/Seq done
Event: 0.379 loading class scala/collection/immutable/Iterable
Event: 0.379 loading class scala/collection/immutable/Iterable done
Event: 0.379 loading class scala/collection/immutable/Traversable
Event: 0.379 loading class scala/collection/immutable/Traversable done
Event: 0.380 loading class scala/Immutable
Event: 0.380 loading class scala/Immutable done


Dynamic libraries:
0x00007ff7084e0000 - 0x00007ff70851a000 	C:\Users\天天\.jdks\corretto-1.8.0_342\bin\java.exe
0x00007ffbb2390000 - 0x00007ffbb2588000 	C:\WINDOWS\SYSTEM32\ntdll.dll
0x00007ffbb1220000 - 0x00007ffbb12dd000 	C:\WINDOWS\System32\KERNEL32.DLL
0x00007ffbafef0000 - 0x00007ffbb01be000 	C:\WINDOWS\System32\KERNELBASE.dll
0x00007ffbb0400000 - 0x00007ffbb04ae000 	C:\WINDOWS\System32\ADVAPI32.dll
0x00007ffbb1fd0000 - 0x00007ffbb206e000 	C:\WINDOWS\System32\msvcrt.dll
0x00007ffbb1180000 - 0x00007ffbb121c000 	C:\WINDOWS\System32\sechost.dll
0x00007ffbb2070000 - 0x00007ffbb2195000 	C:\WINDOWS\System32\RPCRT4.dll
0x00007ffbb1ce0000 - 0x00007ffbb1e80000 	C:\WINDOWS\System32\USER32.dll
0x00007ffbafab0000 - 0x00007ffbafad2000 	C:\WINDOWS\System32\win32u.dll
0x00007ffbb1cb0000 - 0x00007ffbb1cda000 	C:\WINDOWS\System32\GDI32.dll
0x00007ffbb02e0000 - 0x00007ffbb03eb000 	C:\WINDOWS\System32\gdi32full.dll
0x00007ffbb01c0000 - 0x00007ffbb025d000 	C:\WINDOWS\System32\msvcp_win.dll
0x00007ffbafb70000 - 0x00007ffbafc70000 	C:\WINDOWS\System32\ucrtbase.dll
0x00007ffb9ecc0000 - 0x00007ffb9ef5a000 	C:\WINDOWS\WinSxS\amd64_microsoft.windows.common-controls_6595b64144ccf1df_6.0.19041.1110_none_60b5254171f9507e\COMCTL32.dll
0x00007ffbb1fa0000 - 0x00007ffbb1fd0000 	C:\WINDOWS\System32\IMM32.DLL
0x00007ffb9dff0000 - 0x00007ffb9e0df000 	C:\Users\天天\.jdks\corretto-1.8.0_342\jre\bin\msvcr120.dll
0x00007ffb9df40000 - 0x00007ffb9dfe6000 	C:\Users\天天\.jdks\corretto-1.8.0_342\jre\bin\msvcp120.dll
0x0000000055910000 - 0x0000000056185000 	C:\Users\天天\.jdks\corretto-1.8.0_342\jre\bin\server\jvm.dll
0x00007ffbb03f0000 - 0x00007ffbb03f8000 	C:\WINDOWS\System32\PSAPI.DLL
0x00007ffb91930000 - 0x00007ffb91939000 	C:\WINDOWS\SYSTEM32\WSOCK32.dll
0x00007ffba8f70000 - 0x00007ffba8f7a000 	C:\WINDOWS\SYSTEM32\VERSION.dll
0x00007ffba0c60000 - 0x00007ffba0c87000 	C:\WINDOWS\SYSTEM32\WINMM.dll
0x00007ffbb1c40000 - 0x00007ffbb1cab000 	C:\WINDOWS\System32\WS2_32.dll
0x00007ffbac060000 - 0x00007ffbac06f000 	C:\Users\天天\.jdks\corretto-1.8.0_342\jre\bin\verify.dll
0x00007ffb921a0000 - 0x00007ffb921c9000 	C:\Users\天天\.jdks\corretto-1.8.0_342\jre\bin\java.dll
0x00007ffb7b6d0000 - 0x00007ffb7b6fa000 	C:\Users\天天\.jdks\corretto-1.8.0_342\jre\bin\instrument.dll
0x00007ffbaa1e0000 - 0x00007ffbaa1f6000 	C:\Users\天天\.jdks\corretto-1.8.0_342\jre\bin\zip.dll
0x00007ffbb0a30000 - 0x00007ffbb1174000 	C:\WINDOWS\System32\SHELL32.dll
0x00007ffbad8b0000 - 0x00007ffbae044000 	C:\WINDOWS\SYSTEM32\windows.storage.dll
0x00007ffbb06d0000 - 0x00007ffbb0a24000 	C:\WINDOWS\System32\combase.dll
0x00007ffbaf510000 - 0x00007ffbaf540000 	C:\WINDOWS\SYSTEM32\Wldp.dll
0x00007ffbb0620000 - 0x00007ffbb06cd000 	C:\WINDOWS\System32\SHCORE.dll
0x00007ffbb1e80000 - 0x00007ffbb1ed5000 	C:\WINDOWS\System32\shlwapi.dll
0x00007ffbaf9f0000 - 0x00007ffbafa0f000 	C:\WINDOWS\SYSTEM32\profapi.dll
0x00007ffb7e1d0000 - 0x00007ffb7e1ea000 	C:\Program Files\JetBrains\IntelliJ IDEA Community Edition 2021.1\bin\breakgen64.dll
0x00007ffb9df20000 - 0x00007ffb9df3a000 	C:\Users\天天\.jdks\corretto-1.8.0_342\jre\bin\net.dll
0x00007ffbaf270000 - 0x00007ffbaf2da000 	C:\WINDOWS\system32\mswsock.dll

VM Arguments:
jvm_args: -javaagent:C:\Program Files\JetBrains\IntelliJ IDEA Community Edition 2021.1\lib\idea_rt.jar=52169:C:\Program Files\JetBrains\IntelliJ IDEA Community Edition 2021.1\bin -Dfile.encoding=UTF-8 
java_command: org.jetbrains.plugins.scala.testingSupport.scalaTest.ScalaTestRunner -s intro.PracticeTest -testName myFilter -showProgressMessages true
java_class_path (initial): C:\Users\天天\AppData\Roaming\JetBrains\IdeaIC2021.1\plugins\Scala\lib\runners.jar;C:\Users\天天\.jdks\corretto-1.8.0_342\jre\lib\charsets.jar;C:\Users\天天\.jdks\corretto-1.8.0_342\jre\lib\ext\access-bridge-64.jar;C:\Users\天天\.jdks\corretto-1.8.0_342\jre\lib\ext\cldrdata.jar;C:\Users\天天\.jdks\corretto-1.8.0_342\jre\lib\ext\dnsns.jar;C:\Users\天天\.jdks\corretto-1.8.0_342\jre\lib\ext\jaccess.jar;C:\Users\天天\.jdks\corretto-1.8.0_342\jre\lib\ext\jfxrt.jar;C:\Users\天天\.jdks\corretto-1.8.0_342\jre\lib\ext\localedata.jar;C:\Users\天天\.jdks\corretto-1.8.0_342\jre\lib\ext\nashorn.jar;C:\Users\天天\.jdks\corretto-1.8.0_342\jre\lib\ext\sunec.jar;C:\Users\天天\.jdks\corretto-1.8.0_342\jre\lib\ext\sunjce_provider.jar;C:\Users\天天\.jdks\corretto-1.8.0_342\jre\lib\ext\sunmscapi.jar;C:\Users\天天\.jdks\corretto-1.8.0_342\jre\lib\ext\sunpkcs11.jar;C:\Users\天天\.jdks\corretto-1.8.0_342\jre\lib\ext\zipfs.jar;C:\Users\天天\.jdks\corretto-1.8.0_342\jre\lib\jce.jar;C:\Users\天天\.jdks\corretto-1.8.0_342\jre\lib\jfr.jar;C:\Users\天天\.jdks\corretto-1.8.0_342\jre\lib\jfxswt.jar;C:\Users\天天\.jdks\corretto-1.8.0_342\jre\lib\jsse.jar;C:\Users\天天\.jdks\corretto-1.8.0_342\jre\lib\management-agent.jar;C:\Users\天天\.jdks\corretto-1.8.0_342\jre\lib\resources.jar;C:\Users\天天\.jdks\corretto-1.8.0_342\jre\lib\rt.jar;D:\BDP_assignment\target\test-classes;D:\BDP_assignment\target\classes;C:\Users\天天\.m2\repository\org\scala-lang\scala-library\2.12.6\scala-library-2.12.6.jar;C:\Users\天天\.m2\repository\junit\junit\4.12\junit-4.12.jar;C:\Users\天天\.m2\repository\org\hamcrest\hamcrest-core\1.3\hamcrest-core-1.3.jar;C:\Users\天天\.m2\repository\org\scalatest\scalatest_2.12\3.0.5\scalatest_2.12-3.0.5.jar;C:\Users\天天\.m2\repository\org\scalactic\scalactic_2.12\3.0.5\scalactic_2.12-3.0.5.jar;C:\Users\天天\.m2\repository\org\scala-lang\scala-reflect\2.12.4\scala-reflect-2.12.4.jar;C:\Users\天天\.m2\repository\org\scala-lang\modules\scala-xml_2.12\1.0.6\sca
Launcher Type: SUN_STANDARD

Environment Variables:
JAVA_HOME=C:\Program Files\Java\jdk-15.0.1
CLASSPATH=.;C:\Program Files\Java\jdk-15.0.1\lib;C:\Program Files\Java\jdk-15.0.1lib\tools.jar
PATH=C:\Python310\Scripts\;C:\Python310\;C:\Program Files (x86)\Common Files\Oracle\Java\javapath;C:\Program Files\Common Files\Oracle\Java\javapath;C:\Windows\system32;C:\Windows;C:\Windows\System32\Wbem;C:\Windows\System32\WindowsPowerShell\v1.0\;C:\Windows\System32\OpenSSH\;C:\Program Files (x86)\NVIDIA Corporation\PhysX\Common;C:\Program Files\NVIDIA Corporation\NVIDIA NvDLISR;C:\Program Files\Microsoft SQL Server\130\Tools\Binn\;C:\Program Files\Java\jdk-15.0.1\bin;C:\Program Files\Java\jdk-15.0.1\jre\bin;C:\WINDOWS\system32;C:\WINDOWS;C:\WINDOWS\System32\Wbem;C:\WINDOWS\System32\WindowsPowerShell\v1.0\;C:\WINDOWS\System32\OpenSSH\;C:\Program Files\dotnet\;C:\Program Files\Git\cmd;C:\Program Files (x86)\Common Files\Propellerhead Software\ReWire\;C:\Program Files\Common Files\Propellerhead Software\ReWire\;C:\Program Files\nodejs\;C:\ProgramData\chocolatey\bin;D:\Ruby31-x64\bin;C:\Users\天天\AppData\Local\Microsoft\WindowsApps;C:\Users\天天\AppData\Local\Programs\Microsoft VS Code\bin;C:\Users\天天\AppData\Roaming\npm;C:\Program Files (x86)\Python\Scripts;C:\Users\??\AppData\Local\Coursier\data\bin;C:\Users\??\AppData\Local\Coursier\data\bin
USERNAME=glhf
OS=Windows_NT
PROCESSOR_IDENTIFIER=Intel64 Family 6 Model 165 Stepping 2, GenuineIntel



---------------  S Y S T E M  ---------------

OS: Windows 10 , 64 bit Build 19041 (10.0.19041.1889)

CPU:total 16 (initial active 16) (8 cores per cpu, 2 threads per core) family 6 model 165 stepping 2, cmov, cx8, fxsr, mmx, sse, sse2, sse3, ssse3, sse4.1, sse4.2, popcnt, avx, avx2, aes, clmul, erms, 3dnowpref, lzcnt, ht, tsc, tscinvbit, bmi1, bmi2, adx

Memory: 4k page, physical 16640816k(4920988k free), swap 16640816k(3124k free)

vm_info: OpenJDK 64-Bit Server VM (25.342-b07) for windows-amd64 JRE (1.8.0_342-b07), built on Jul 21 2022 18:16:14 by "Administrator" with MS VC++ 12.0 (VS2013)

time: Wed Sep 14 18:12:16 2022
timezone: 西欧夏令时
elapsed time: 0.431646 seconds (0d 0h 0m 0s)

