#
# There is insufficient memory for the Java Runtime Environment to continue.
# Native memory allocation (malloc) failed to allocate 1048576 bytes for AllocateHeap
# Possible reasons:
#   The system is out of physical RAM or swap space
#   The process is running with CompressedOops enabled, and the Java Heap may be blocking the growth of the native heap
# Possible solutions:
#   Reduce memory load on the system
#   Increase physical memory or swap space
#   Check if swap backing store is full
#   Decrease Java heap size (-Xmx/-Xms)
#   Decrease number of Java threads
#   Decrease Java thread stack sizes (-Xss)
#   Set larger code cache with -XX:ReservedCodeCacheSize=
#   JVM is running with Zero Based Compressed Oops mode in which the Java heap is
#     placed in the first 32GB address space. The Java Heap base address is the
#     maximum limit for the native heap growth. Please use -XX:HeapBaseMinAddress
#     to set the Java Heap base and to place the Java Heap above 32GB virtual address.
# This output file may be truncated or incomplete.
#
#  Out of Memory Error (memory/allocation.inline.hpp:61), pid=3204, tid=0x0000000000006718
#
# JRE version:  (8.0_342-b07) (build )
# Java VM: OpenJDK 64-Bit Server VM (25.342-b07 mixed mode windows-amd64 compressed oops)
# Failed to write core dump. Minidumps are not enabled by default on client versions of Windows
#

---------------  T H R E A D  ---------------

Current thread (0x000002888a472000):  JavaThread "Unknown thread" [_thread_in_vm, id=26392, stack(0x000000a924600000,0x000000a924700000)]

Stack: [0x000000a924600000,0x000000a924700000]
[error occurred during error reporting (printing stack bounds), id 0xc0000005]

Native frames: (J=compiled Java code, j=interpreted, Vv=VM code, C=native code)


---------------  P R O C E S S  ---------------

Java Threads: ( => current thread )

Other Threads:

=>0x000002888a472000 (exited) JavaThread "Unknown thread" [_thread_in_vm, id=26392, stack(0x000000a924600000,0x000000a924700000)]

VM state:not at safepoint (normal execution)

VM Mutex/Monitor currently owned by a thread: None

heap address: 0x00000006c2000000, size: 4064 MB, Compressed Oops mode: Zero based, Oop shift amount: 3
Narrow klass base: 0x0000000000000000, Narrow klass shift: 3
Compressed class space size: 1073741824 Address: 0x00000007c0000000

Heap:
 PSYoungGen      total 75776K, used 1300K [0x000000076b580000, 0x0000000770a00000, 0x00000007c0000000)
  eden space 65024K, 2% used [0x000000076b580000,0x000000076b6c51f8,0x000000076f500000)
  from space 10752K, 0% used [0x000000076ff80000,0x000000076ff80000,0x0000000770a00000)
  to   space 10752K, 0% used [0x000000076f500000,0x000000076f500000,0x000000076ff80000)
 ParOldGen       total 173568K, used 0K [0x00000006c2000000, 0x00000006cc980000, 0x000000076b580000)
  object space 173568K, 0% used [0x00000006c2000000,0x00000006c2000000,0x00000006cc980000)
 Metaspace       used 782K, capacity 4480K, committed 4480K, reserved 1056768K
  class space    used 76K, capacity 384K, committed 384K, reserved 1048576K

Card table byte_map: [0x000002889b580000,0x000002889bd80000] byte_map_base: 0x0000028897f70000

Marking Bits: (ParMarkBitMap*) 0x0000000056106850
 Begin Bits: [0x000002889c2d0000, 0x00000288a0250000)
 End Bits:   [0x00000288a0250000, 0x00000288a41d0000)

Polling page: 0x000002888c190000

CodeCache: size=245760Kb used=328Kb max_used=328Kb free=245431Kb
 bounds [0x000002888c1c0000, 0x000002888c430000, 0x000002889b1c0000]
 total_blobs=57 nmethods=0 adapters=38
 compilation: enabled

Compilation events (0 events):
No events

GC Heap History (0 events):
No events

Deoptimization events (0 events):
No events

Classes redefined (0 events):
No events

Internal exceptions (0 events):
No events

Events (10 events):
Event: 0.022 loading class java/lang/Short
Event: 0.022 loading class java/lang/Short done
Event: 0.022 loading class java/lang/Integer
Event: 0.022 loading class java/lang/Integer done
Event: 0.022 loading class java/lang/Long
Event: 0.022 loading class java/lang/Long done
Event: 0.023 loading class java/lang/NullPointerException
Event: 0.023 loading class java/lang/NullPointerException done
Event: 0.023 loading class java/lang/ArithmeticException
Event: 0.023 loading class java/lang/ArithmeticException done


Dynamic libraries:
0x00007ff7084e0000 - 0x00007ff70851a000 	C:\Users\天天\.jdks\corretto-1.8.0_342\bin\java.exe
0x00007ffbb2390000 - 0x00007ffbb2588000 	C:\WINDOWS\SYSTEM32\ntdll.dll
0x00007ffbb1220000 - 0x00007ffbb12dd000 	C:\WINDOWS\System32\KERNEL32.DLL
0x00007ffbafef0000 - 0x00007ffbb01be000 	C:\WINDOWS\System32\KERNELBASE.dll
0x00007ffbb0400000 - 0x00007ffbb04ae000 	C:\WINDOWS\System32\ADVAPI32.dll
0x00007ffbb1fd0000 - 0x00007ffbb206e000 	C:\WINDOWS\System32\msvcrt.dll
0x00007ffbb1180000 - 0x00007ffbb121c000 	C:\WINDOWS\System32\sechost.dll
0x00007ffbb2070000 - 0x00007ffbb2195000 	C:\WINDOWS\System32\RPCRT4.dll
0x00007ffbb1ce0000 - 0x00007ffbb1e80000 	C:\WINDOWS\System32\USER32.dll
0x00007ffbafab0000 - 0x00007ffbafad2000 	C:\WINDOWS\System32\win32u.dll
0x00007ffbb1cb0000 - 0x00007ffbb1cda000 	C:\WINDOWS\System32\GDI32.dll
0x00007ffbb02e0000 - 0x00007ffbb03eb000 	C:\WINDOWS\System32\gdi32full.dll
0x00007ffbb01c0000 - 0x00007ffbb025d000 	C:\WINDOWS\System32\msvcp_win.dll
0x00007ffbafb70000 - 0x00007ffbafc70000 	C:\WINDOWS\System32\ucrtbase.dll
0x00007ffb9ecc0000 - 0x00007ffb9ef5a000 	C:\WINDOWS\WinSxS\amd64_microsoft.windows.common-controls_6595b64144ccf1df_6.0.19041.1110_none_60b5254171f9507e\COMCTL32.dll
0x00007ffbb1fa0000 - 0x00007ffbb1fd0000 	C:\WINDOWS\System32\IMM32.DLL
0x00007ffb9dff0000 - 0x00007ffb9e0df000 	C:\Users\天天\.jdks\corretto-1.8.0_342\jre\bin\msvcr120.dll
0x00007ffb9df40000 - 0x00007ffb9dfe6000 	C:\Users\天天\.jdks\corretto-1.8.0_342\jre\bin\msvcp120.dll
0x0000000055910000 - 0x0000000056185000 	C:\Users\天天\.jdks\corretto-1.8.0_342\jre\bin\server\jvm.dll
0x00007ffbb03f0000 - 0x00007ffbb03f8000 	C:\WINDOWS\System32\PSAPI.DLL
0x00007ffb91930000 - 0x00007ffb91939000 	C:\WINDOWS\SYSTEM32\WSOCK32.dll
0x00007ffba0c60000 - 0x00007ffba0c87000 	C:\WINDOWS\SYSTEM32\WINMM.dll
0x00007ffba8f70000 - 0x00007ffba8f7a000 	C:\WINDOWS\SYSTEM32\VERSION.dll
0x00007ffbb1c40000 - 0x00007ffbb1cab000 	C:\WINDOWS\System32\WS2_32.dll
0x00007ffbac060000 - 0x00007ffbac06f000 	C:\Users\天天\.jdks\corretto-1.8.0_342\jre\bin\verify.dll
0x00007ffb921a0000 - 0x00007ffb921c9000 	C:\Users\天天\.jdks\corretto-1.8.0_342\jre\bin\java.dll
0x00007ffb7b6d0000 - 0x00007ffb7b6fa000 	C:\Users\天天\.jdks\corretto-1.8.0_342\jre\bin\instrument.dll
0x00007ffbaa1e0000 - 0x00007ffbaa1f6000 	C:\Users\天天\.jdks\corretto-1.8.0_342\jre\bin\zip.dll

VM Arguments:
jvm_args: -javaagent:C:\Program Files\JetBrains\IntelliJ IDEA Community Edition 2021.1\lib\idea_rt.jar=52319:C:\Program Files\JetBrains\IntelliJ IDEA Community Edition 2021.1\bin -Dfile.encoding=UTF-8 
java_command: org.jetbrains.plugins.scala.testingSupport.scalaTest.ScalaTestRunner -s intro.PracticeTest -testName MaxValue -showProgressMessages true
java_class_path (initial): C:\Users\天天\AppData\Roaming\JetBrains\IdeaIC2021.1\plugins\Scala\lib\runners.jar;C:\Users\天天\.jdks\corretto-1.8.0_342\jre\lib\charsets.jar;C:\Users\天天\.jdks\corretto-1.8.0_342\jre\lib\ext\access-bridge-64.jar;C:\Users\天天\.jdks\corretto-1.8.0_342\jre\lib\ext\cldrdata.jar;C:\Users\天天\.jdks\corretto-1.8.0_342\jre\lib\ext\dnsns.jar;C:\Users\天天\.jdks\corretto-1.8.0_342\jre\lib\ext\jaccess.jar;C:\Users\天天\.jdks\corretto-1.8.0_342\jre\lib\ext\jfxrt.jar;C:\Users\天天\.jdks\corretto-1.8.0_342\jre\lib\ext\localedata.jar;C:\Users\天天\.jdks\corretto-1.8.0_342\jre\lib\ext\nashorn.jar;C:\Users\天天\.jdks\corretto-1.8.0_342\jre\lib\ext\sunec.jar;C:\Users\天天\.jdks\corretto-1.8.0_342\jre\lib\ext\sunjce_provider.jar;C:\Users\天天\.jdks\corretto-1.8.0_342\jre\lib\ext\sunmscapi.jar;C:\Users\天天\.jdks\corretto-1.8.0_342\jre\lib\ext\sunpkcs11.jar;C:\Users\天天\.jdks\corretto-1.8.0_342\jre\lib\ext\zipfs.jar;C:\Users\天天\.jdks\corretto-1.8.0_342\jre\lib\jce.jar;C:\Users\天天\.jdks\corretto-1.8.0_342\jre\lib\jfr.jar;C:\Users\天天\.jdks\corretto-1.8.0_342\jre\lib\jfxswt.jar;C:\Users\天天\.jdks\corretto-1.8.0_342\jre\lib\jsse.jar;C:\Users\天天\.jdks\corretto-1.8.0_342\jre\lib\management-agent.jar;C:\Users\天天\.jdks\corretto-1.8.0_342\jre\lib\resources.jar;C:\Users\天天\.jdks\corretto-1.8.0_342\jre\lib\rt.jar;D:\BDP_assignment\target\test-classes;D:\BDP_assignment\target\classes;C:\Users\天天\.m2\repository\org\scala-lang\scala-library\2.12.6\scala-library-2.12.6.jar;C:\Users\天天\.m2\repository\junit\junit\4.12\junit-4.12.jar;C:\Users\天天\.m2\repository\org\hamcrest\hamcrest-core\1.3\hamcrest-core-1.3.jar;C:\Users\天天\.m2\repository\org\scalatest\scalatest_2.12\3.0.5\scalatest_2.12-3.0.5.jar;C:\Users\天天\.m2\repository\org\scalactic\scalactic_2.12\3.0.5\scalactic_2.12-3.0.5.jar;C:\Users\天天\.m2\repository\org\scala-lang\scala-reflect\2.12.4\scala-reflect-2.12.4.jar;C:\Users\天天\.m2\repository\org\scala-lang\modules\scala-xml_2.12\1.0.6\sca
Launcher Type: SUN_STANDARD

Environment Variables:
JAVA_HOME=C:\Program Files\Java\jdk-15.0.1
CLASSPATH=.;C:\Program Files\Java\jdk-15.0.1\lib;C:\Program Files\Java\jdk-15.0.1lib\tools.jar
PATH=C:\Python310\Scripts\;C:\Python310\;C:\Program Files (x86)\Common Files\Oracle\Java\javapath;C:\Program Files\Common Files\Oracle\Java\javapath;C:\Windows\system32;C:\Windows;C:\Windows\System32\Wbem;C:\Windows\System32\WindowsPowerShell\v1.0\;C:\Windows\System32\OpenSSH\;C:\Program Files (x86)\NVIDIA Corporation\PhysX\Common;C:\Program Files\NVIDIA Corporation\NVIDIA NvDLISR;C:\Program Files\Microsoft SQL Server\130\Tools\Binn\;C:\Program Files\Java\jdk-15.0.1\bin;C:\Program Files\Java\jdk-15.0.1\jre\bin;C:\WINDOWS\system32;C:\WINDOWS;C:\WINDOWS\System32\Wbem;C:\WINDOWS\System32\WindowsPowerShell\v1.0\;C:\WINDOWS\System32\OpenSSH\;C:\Program Files\dotnet\;C:\Program Files\Git\cmd;C:\Program Files (x86)\Common Files\Propellerhead Software\ReWire\;C:\Program Files\Common Files\Propellerhead Software\ReWire\;C:\Program Files\nodejs\;C:\ProgramData\chocolatey\bin;D:\Ruby31-x64\bin;C:\Users\天天\AppData\Local\Microsoft\WindowsApps;C:\Users\天天\AppData\Local\Programs\Microsoft VS Code\bin;C:\Users\天天\AppData\Roaming\npm;C:\Program Files (x86)\Python\Scripts;C:\Users\??\AppData\Local\Coursier\data\bin;C:\Users\??\AppData\Local\Coursier\data\bin
USERNAME=glhf
OS=Windows_NT
PROCESSOR_IDENTIFIER=Intel64 Family 6 Model 165 Stepping 2, GenuineIntel



---------------  S Y S T E M  ---------------

OS: Windows 10 , 64 bit Build 19041 (10.0.19041.1889)

CPU:total 16 (initial active 16) (8 cores per cpu, 2 threads per core) family 6 model 165 stepping 2, cmov, cx8, fxsr, mmx, sse, sse2, sse3, ssse3, sse4.1, sse4.2, popcnt, avx, avx2, aes, clmul, erms, 3dnowpref, lzcnt, ht, tsc, tscinvbit, bmi1, bmi2, adx

Memory: 4k page, physical 16640816k(4978464k free), swap 16640816k(6080k free)

vm_info: OpenJDK 64-Bit Server VM (25.342-b07) for windows-amd64 JRE (1.8.0_342-b07), built on Jul 21 2022 18:16:14 by "Administrator" with MS VC++ 12.0 (VS2013)

time: Wed Sep 14 18:20:51 2022
timezone: 西欧夏令时
elapsed time: 0.027613 seconds (0d 0h 0m 0s)

